Arguments: 
  /usr/local/bin/node /usr/local/Cellar/yarn/1.5.1_1/libexec/bin/yarn.js dev

PATH: 
  /usr/local/sbin:/usr/local/bin:/usr/bin:/bin:/usr/sbin:/sbin:~/Library/Android/sdk/platform-tools:~/Library/Android/sdk/tools

Yarn version: 
  1.5.1

Node version: 
  8.5.0

Platform: 
  darwin x64

npm manifest: 
  {
    "name": "my-react-redux-isomorphic-boilerplate",
    "version": "0.0.1",
    "devDependencies": {
      "babel-core": "^6.26.0",
      "babel-loader": "^7.1.4",
      "babel-preset-env": "^1.6.1",
      "babel-preset-react": "^6.24.1",
      "css-loader": "^0.28.11",
      "extract-text-webpack-plugin": "^3.0.2",
      "file-loader": "^1.1.11",
      "html-webpack-plugin": "^3.0.7",
      "webpack": "^4.1.1",
      "webpack-cli": "^2.0.12",
      "webpack-dev-server": "^3.1.1"
    },
    "scripts": {
      "dev": "webpack-dev-server --mode development",
      "build": "webpack --mode production"
    },
    "dependencies": {
      "react": "^16.2.0",
      "react-dom": "^16.2.0"
    }
  }

yarn manifest: 
  No manifest

Lockfile: 
  No lockfile

Trace: 
  Error: Command failed.
  Exit code: 1
  Command: sh
  Arguments: -c webpack-dev-server --mode development
  Directory: /Users/tobias/Projects/tests/MyReactReduxIsomorphicBoilerplate
  Output:
  
      at ProcessTermError.MessageError (/usr/local/Cellar/yarn/1.5.1_1/libexec/lib/cli.js:186:110)
      at new ProcessTermError (/usr/local/Cellar/yarn/1.5.1_1/libexec/lib/cli.js:226:113)
      at ChildProcess.<anonymous> (/usr/local/Cellar/yarn/1.5.1_1/libexec/lib/cli.js:30281:17)
      at emitTwo (events.js:125:13)
      at ChildProcess.emit (events.js:213:7)
      at maybeClose (internal/child_process.js:927:16)
      at Process.ChildProcess._handle.onexit (internal/child_process.js:211:5)
